<?xml version="1.0" encoding="UTF-8"?>
<!-- Generated by org.testng.reporters.JUnitReportReporter -->
<testsuite skipped="0" hostname="da" name="test.APLoginFFTest" tests="2" failures="0" timestamp="13 Feb 2018 14:06:38 GMT" time="30.891" errors="0">
  <testcase name="purchase_with_login" time="24.037" classname="test.APLoginFFTest"/>
  <testcase name="login_with_valid_credentials" time="6.854" classname="test.APLoginFFTest"/>
</testsuite> <!-- test.APLoginFFTest -->
