<?xml version="1.0" encoding="UTF-8"?>
<!-- Generated by org.testng.reporters.JUnitReportReporter -->
<testsuite skipped="0" hostname="da" name="test.Test99GuruLogin" tests="1" failures="0" timestamp="13 Feb 2018 13:46:06 GMT" time="1.393" errors="0">
  <testcase name="test_Home_Page_Appear_Correct" time="1.393" classname="test.Test99GuruLogin"/>
</testsuite> <!-- test.Test99GuruLogin -->
