<?xml version="1.0" encoding="UTF-8" ?>
<testsuite tests="2" failures="0" name="com.automationpractice.clothesshopping.APLoginFFTest" time="31.573" errors="0" skipped="0">
  <properties>
    <property name="DISPLAY" value=":0"/>
    <property name="file.encoding.pkg" value="sun.io"/>
    <property name="java.home" value="/opt/java/jdk1.8.0_131/jre"/>
    <property name="LOGNAME" value="daithi"/>
    <property name="VTE_VERSION" value="4205"/>
    <property name="XFILESEARCHPATH" value="/usr/dt/app-defaults/%L/Dt"/>
    <property name="CINNAMON_VERSION" value="3.2.7"/>
    <property name="NODE_NAME" value="master"/>
    <property name="PWD" value="/home/daithi/jenkins"/>
    <property name="sun.font.fontmanager" value="sun.awt.X11FontManager"/>
    <property name="GDMSESSION" value="cinnamon"/>
    <property name="java.endorsed.dirs" value="/opt/java/jdk1.8.0_131/jre/lib/endorsed"/>
    <property name="XDG_SESSION_COOKIE" value="5ab3c275b7304ed3b8aeef9ffcc37eb4-1518625318.945789-674144738"/>
    <property name="sun.os.patch.level" value="unknown"/>
    <property name="java.vendor.url" value="http://java.oracle.com/"/>
    <property name="java.version" value="1.8.0_131"/>
    <property name="JOB_NAME" value="jenkinsAutomationPracticeTest2"/>
    <property name="java.vendor.url.bug" value="http://bugreport.sun.com/bugreport/"/>
    <property name="GDM_XSERVER_LOCATION" value="local"/>
    <property name="XDG_DATA_DIRS" value="/usr/share/cinnamon:/usr/share/gnome:/usr/local/share/:/usr/share/:/usr/share/mdm/"/>
    <property name="LC_NAME" value="de_DE.UTF-8"/>
    <property name="user.name" value="daithi"/>
    <property name="sun.io.unicode.encoding" value="UnicodeLittle"/>
    <property name="XDG_RUNTIME_DIR" value="/run/user/1000"/>
    <property name="sun.jnu.encoding" value="UTF-8"/>
    <property name="java.runtime.name" value="Java(TM) SE Runtime Environment"/>
    <property name="XDG_SESSION_DESKTOP" value="cinnamon"/>
    <property name="java.specification.name" value="Java Platform API Specification"/>
    <property name="RUN_CHANGES_DISPLAY_URL" value="http://unconfigured-jenkins-location/job/jenkinsAutomationPracticeTest2/5/display/redirect?page=changes"/>
    <property name="user.timezone" value="Europe/Berlin"/>
    <property name="path.separator" value=":"/>
    <property name="WINDOWID" value="73400326"/>
    <property name="BUILD_TAG" value="jenkins-jenkinsAutomationPracticeTest2-5"/>
    <property name="TERM" value="xterm-256color"/>
    <property name="GTK_MODULES" value="gail:atk-bridge"/>
    <property name="MANDATORY_PATH" value="/usr/share/gconf/cinnamon.mandatory.path"/>
    <property name="file.encoding" value="UTF-8"/>
    <property name="PATH" value="/opt/java/jdk1.8.0_131/bin:/home/daithi/bin:/home/daithi/.local/bin:/usr/local/sbin:/usr/local/bin:/usr/sbin:/usr/bin:/sbin:/bin:/usr/games:/usr/local/games:/home/daithi/Apache/apache-maven-3.5.2/bin:/opt/java/jdk1.8.0_131/bin"/>
    <property name="QT_ACCESSIBILITY" value="1"/>
    <property name="DESKTOP_SESSION" value="cinnamon"/>
    <property name="sun.java.command" value="jenkins.maven3.agent.Maven35Main /home/daithi/Apache/apache-maven-3.5.2 /home/daithi/.jenkins/war/WEB-INF/lib/remoting-3.14.jar /home/daithi/.jenkins/plugins/maven-plugin/WEB-INF/lib/maven35-interceptor-1.12-alpha-1.jar /home/daithi/.jenkins/plugins/maven-plugin/WEB-INF/lib/maven3-interceptor-commons-1.12-alpha-1.jar 40650"/>
    <property name="XDG_CONFIG_DIRS" value="/etc/xdg/xdg-cinnamon:/etc/xdg"/>
    <property name="JENKINS_SERVER_COOKIE" value="be0591024d957a83"/>
    <property name="MDM_XSERVER_LOCATION" value="local"/>
    <property name="EXECUTOR_NUMBER" value="0"/>
    <property name="LC_TELEPHONE" value="de_DE.UTF-8"/>
    <property name="java.io.tmpdir" value="/tmp"/>
    <property name="user.language" value="en"/>
    <property name="line.separator" value="
"/>
    <property name="SSH_AGENT_PID" value="2042"/>
    <property name="SHLVL" value="1"/>
    <property name="M2_HOME" value="/home/daithi/Apache/apache-maven-3.5.2"/>
    <property name="USER" value="daithi"/>
    <property name="java.vm.info" value="mixed mode"/>
    <property name="sun.desktop" value="gnome"/>
    <property name="java.vm.specification.name" value="Java Virtual Machine Specification"/>
    <property name="BUILD_DISPLAY_NAME" value="#5"/>
    <property name="WINDOWPATH" value="8"/>
    <property name="guice.disable.misplaced.annotation.check" value="true"/>
    <property name="GJS_DEBUG_OUTPUT" value="stderr"/>
    <property name="HUDSON_SERVER_COOKIE" value="be0591024d957a83"/>
    <property name="MAVEN_HOME" value="/home/daithi/Apache/apache-maven-3.5.2"/>
    <property name="java.awt.printerjob" value="sun.print.PSPrinterJob"/>
    <property name="SESSION_MANAGER" value="local/da:@/tmp/.ICE-unix/1973,unix/da:/tmp/.ICE-unix/1973"/>
    <property name="DEFAULTS_PATH" value="/usr/share/gconf/cinnamon.default.path"/>
    <property name="maven3.interceptor.common" value="/home/daithi/.jenkins/plugins/maven-plugin/WEB-INF/lib/maven3-interceptor-commons-1.12-alpha-1.jar"/>
    <property name="CLASSPATH" value=""/>
    <property name="GNOME_DESKTOP_SESSION_ID" value="this-is-deprecated"/>
    <property name="LC_NUMERIC" value="de_DE.UTF-8"/>
    <property name="XAUTHORITY" value="/home/daithi/.Xauthority"/>
    <property name="LESSCLOSE" value="/usr/bin/lesspipe %s %s"/>
    <property name="XDG_CURRENT_DESKTOP" value="X-Cinnamon"/>
    <property name="os.name" value="Linux"/>
    <property name="java.specification.vendor" value="Oracle Corporation"/>
    <property name="java.vm.name" value="Java HotSpot(TM) 64-Bit Server VM"/>
    <property name="BUILD_NUMBER" value="5"/>
    <property name="maven3.interceptor" value="/home/daithi/.jenkins/plugins/maven-plugin/WEB-INF/lib/maven35-interceptor-1.12-alpha-1.jar"/>
    <property name="java.library.path" value="/usr/java/packages/lib/amd64:/usr/lib64:/lib64:/lib:/usr/lib"/>
    <property name="LC_MEASUREMENT" value="de_DE.UTF-8"/>
    <property name="GJS_DEBUG_TOPICS" value="JS ERROR;JS LOG"/>
    <property name="LC_ADDRESS" value="de_DE.UTF-8"/>
    <property name="POM_GROUPID" value="com.automationpractice"/>
    <property name="POM_ARTIFACTID" value="clothesshopping"/>
    <property name="java.class.version" value="52.0"/>
    <property name="DBUS_SESSION_BUS_ADDRESS" value="unix:abstract=/tmp/dbus-TvbSSTZvXo,guid=65e43873337f9e7e3483ed445a846228"/>
    <property name="MDM_LANG" value="en_US.UTF-8"/>
    <property name="RUN_DISPLAY_URL" value="http://unconfigured-jenkins-location/job/jenkinsAutomationPracticeTest2/5/display/redirect"/>
    <property name="JENKINS_HOME" value="/home/daithi/.jenkins"/>
    <property name="BUILD_ID" value="5"/>
    <property name="sun.boot.library.path" value="/opt/java/jdk1.8.0_131/jre/lib/amd64"/>
    <property name="sun.management.compiler" value="HotSpot 64-Bit Tiered Compilers"/>
    <property name="java.awt.graphicsenv" value="sun.awt.X11GraphicsEnvironment"/>
    <property name="POM_VERSION" value="0.0.1-SNAPSHOT"/>
    <property name="HUDSON_HOME" value="/home/daithi/.jenkins"/>
    <property name="PATH+MAVEN" value="/home/daithi/Apache/apache-maven-3.5.2/bin"/>
    <property name="NLSPATH" value="/usr/dt/lib/nls/msg/%L/%N.cat"/>
    <property name="OLDPWD" value="/home/daithi"/>
    <property name="QT_QPA_PLATFORMTHEME" value="qgnomeplatform"/>
    <property name="MDMSESSION" value="cinnamon"/>
    <property name="java.vm.specification.version" value="1.8"/>
    <property name="JAVA_HOME" value="/opt/java/jdk1.8.0_131"/>
    <property name="SHELL" value="/bin/bash"/>
    <property name="awt.toolkit" value="sun.awt.X11.XToolkit"/>
    <property name="NODE_LABELS" value="master"/>
    <property name="sun.cpu.isalist" value=""/>
    <property name="JOB_DISPLAY_URL" value="http://unconfigured-jenkins-location/job/jenkinsAutomationPracticeTest2/display/redirect"/>
    <property name="securerandom.source" value="file:/dev/./urandom"/>
    <property name="java.ext.dirs" value="/opt/java/jdk1.8.0_131/jre/lib/ext:/usr/java/packages/lib/ext"/>
    <property name="os.version" value="4.4.0-109-generic"/>
    <property name="user.home" value="/home/daithi"/>
    <property name="USERNAME" value="daithi"/>
    <property name="_" value="/usr/bin/java"/>
    <property name="java.vm.vendor" value="Oracle Corporation"/>
    <property name="LC_MONETARY" value="de_DE.UTF-8"/>
    <property name="user.dir" value="/home/daithi/workspace/clothesshopping"/>
    <property name="maven.conf" value="/home/daithi/Apache/apache-maven-3.5.2/conf"/>
    <property name="QT_STYLE_OVERRIDE" value="gtk"/>
    <property name="XDG_VTNR" value="8"/>
    <property name="sun.cpu.endian" value="little"/>
    <property name="java.vm.version" value="25.131-b11"/>
    <property name="java.class.path" value="/home/daithi/.jenkins/plugins/maven-plugin/WEB-INF/lib/maven35-agent-1.12-alpha-1.jar:/home/daithi/Apache/apache-maven-3.5.2/boot/plexus-classworlds-2.5.2.jar:/home/daithi/Apache/apache-maven-3.5.2/conf/logging"/>
    <property name="org.slf4j.simpleLogger.defaultLogLevel" value="info"/>
    <property name="XDG_SEAT" value="seat0"/>
    <property name="os.arch" value="amd64"/>
    <property name="LC_PAPER" value="de_DE.UTF-8"/>
    <property name="WORKSPACE" value="/home/daithi/.jenkins/workspace/jenkinsAutomationPracticeTest2"/>
    <property name="sun.java.launcher" value="SUN_STANDARD"/>
    <property name="LANG" value="en_US.UTF-8"/>
    <property name="LESSOPEN" value="| /usr/bin/lesspipe %s"/>
    <property name="java.vm.specification.vendor" value="Oracle Corporation"/>
    <property name="file.separator" value="/"/>
    <property name="GTK_OVERLAY_SCROLLING" value="1"/>
    <property name="java.runtime.version" value="1.8.0_131-b11"/>
    <property name="XDG_SESSION_ID" value="c1"/>
    <property name="sun.boot.class.path" value="/opt/java/jdk1.8.0_131/jre/lib/resources.jar:/opt/java/jdk1.8.0_131/jre/lib/rt.jar:/opt/java/jdk1.8.0_131/jre/lib/sunrsasign.jar:/opt/java/jdk1.8.0_131/jre/lib/jsse.jar:/opt/java/jdk1.8.0_131/jre/lib/jce.jar:/opt/java/jdk1.8.0_131/jre/lib/charsets.jar:/opt/java/jdk1.8.0_131/jre/lib/jfr.jar:/opt/java/jdk1.8.0_131/jre/classes"/>
    <property name="PATH+JDK" value="/opt/java/jdk1.8.0_131/bin"/>
    <property name="user.country" value="US"/>
    <property name="POM_PACKAGING" value="jar"/>
    <property name="maven.home" value="/home/daithi/Apache/apache-maven-3.5.2"/>
    <property name="JOB_BASE_NAME" value="jenkinsAutomationPracticeTest2"/>
    <property name="LC_IDENTIFICATION" value="de_DE.UTF-8"/>
    <property name="HOME" value="/home/daithi"/>
    <property name="java.vendor" value="Oracle Corporation"/>
    <property name="QT_LINUX_ACCESSIBILITY_ALWAYS_ON" value="1"/>
    <property name="SSH_AUTH_SOCK" value="/run/user/1000/keyring/ssh"/>
    <property name="LS_COLORS" value="rs=0:di=01;34:ln=01;36:mh=00:pi=40;33:so=01;35:do=01;35:bd=40;33;01:cd=40;33;01:or=40;31;01:mi=00:su=37;41:sg=30;43:ca=30;41:tw=30;42:ow=34;42:st=37;44:ex=01;32:*.tar=01;31:*.tgz=01;31:*.arc=01;31:*.arj=01;31:*.taz=01;31:*.lha=01;31:*.lz4=01;31:*.lzh=01;31:*.lzma=01;31:*.tlz=01;31:*.txz=01;31:*.tzo=01;31:*.t7z=01;31:*.zip=01;31:*.z=01;31:*.Z=01;31:*.dz=01;31:*.gz=01;31:*.lrz=01;31:*.lz=01;31:*.lzo=01;31:*.xz=01;31:*.bz2=01;31:*.bz=01;31:*.tbz=01;31:*.tbz2=01;31:*.tz=01;31:*.deb=01;31:*.rpm=01;31:*.jar=01;31:*.war=01;31:*.ear=01;31:*.sar=01;31:*.rar=01;31:*.alz=01;31:*.ace=01;31:*.zoo=01;31:*.cpio=01;31:*.7z=01;31:*.rz=01;31:*.cab=01;31:*.jpg=01;35:*.jpeg=01;35:*.gif=01;35:*.bmp=01;35:*.pbm=01;35:*.pgm=01;35:*.ppm=01;35:*.tga=01;35:*.xbm=01;35:*.xpm=01;35:*.tif=01;35:*.tiff=01;35:*.png=01;35:*.svg=01;35:*.svgz=01;35:*.mng=01;35:*.pcx=01;35:*.mov=01;35:*.mpg=01;35:*.mpeg=01;35:*.m2v=01;35:*.mkv=01;35:*.webm=01;35:*.ogm=01;35:*.mp4=01;35:*.m4v=01;35:*.mp4v=01;35:*.vob=01;35:*.qt=01;35:*.nuv=01;35:*.wmv=01;35:*.asf=01;35:*.rm=01;35:*.rmvb=01;35:*.flc=01;35:*.avi=01;35:*.fli=01;35:*.flv=01;35:*.gl=01;35:*.dl=01;35:*.xcf=01;35:*.xwd=01;35:*.yuv=01;35:*.cgm=01;35:*.emf=01;35:*.ogv=01;35:*.ogx=01;35:*.aac=00;36:*.au=00;36:*.flac=00;36:*.m4a=00;36:*.mid=00;36:*.midi=00;36:*.mka=00;36:*.mp3=00;36:*.mpc=00;36:*.ogg=00;36:*.ra=00;36:*.wav=00;36:*.oga=00;36:*.opus=00;36:*.spx=00;36:*.xspf=00;36:"/>
    <property name="POM_DISPLAYNAME" value="clothesshopping"/>
    <property name="java.specification.version" value="1.8"/>
    <property name="sun.arch.data.model" value="64"/>
  </properties>
  <testcase classname="com.automationpractice.clothesshopping.APLoginFFTest" name="login_with_valid_credentials" time="6.154"/>
  <testcase classname="com.automationpractice.clothesshopping.APLoginFFTest" name="purchase_with_login" time="25.419"/>
</testsuite>