<?xml version="1.0" encoding="UTF-8"?>
<!-- Generated by org.testng.reporters.JUnitReportReporter -->
<testsuite skipped="0" hostname="da" name="com.automationpractice.clothesshopping.AppTest" tests="1" failures="0" timestamp="13 Feb 2018 14:06:38 GMT" time="0.035" errors="0">
  <testcase name="testApp" time="0.035" classname="com.automationpractice.clothesshopping.AppTest"/>
</testsuite> <!-- com.automationpractice.clothesshopping.AppTest -->
