<?xml version="1.0" encoding="UTF-8"?>
<!-- Generated by org.testng.reporters.JUnitReportReporter -->
<testsuite skipped="0" hostname="da" name="com.automationpractice.clothesshopping.APLoginFFTest" tests="2" failures="0" timestamp="14 Feb 2018 18:26:41 GMT" time="31.576" errors="0">
  <testcase name="purchase_with_login" time="25.424" classname="com.automationpractice.clothesshopping.APLoginFFTest"/>
  <testcase name="login_with_valid_credentials" time="6.152" classname="com.automationpractice.clothesshopping.APLoginFFTest"/>
</testsuite> <!-- com.automationpractice.clothesshopping.APLoginFFTest -->
